# JRE version: OpenJDK Runtime Environment (8.0_282-b08) (build 1.8.0_282-b08)
# Java VM: OpenJDK 64-Bit Server VM (25.282-b08 mixed mode linux-amd64 compressed oops)
Heap:
 PSYoungGen      total 93696K, used 9479K [0x000000076d780000, 0x0000000774000000, 0x00000007c0000000)
  eden space 86528K, 10% used [0x000000076d780000,0x000000076e0c1ec0,0x0000000772c00000)
  from space 7168K, 0% used [0x0000000773900000,0x0000000773900000,0x0000000774000000)
  to   space 10240K, 0% used [0x0000000772c00000,0x0000000772c00000,0x0000000773600000)
 ParOldGen       total 157184K, used 7868K [0x00000006c8600000, 0x00000006d1f80000, 0x000000076d780000)
  object space 157184K, 5% used [0x00000006c8600000,0x00000006c8daf1c8,0x00000006d1f80000)
 Metaspace       used 26766K, capacity 28313K, committed 35624K, reserved 1077248K
  class space    used 3450K, capacity 3883K, committed 7472K, reserved 1048576K
GC Heap History (10 events):
Event: 0.987 GC heap before
{Heap before GC invocations=2 (full 0):
 PSYoungGen      total 74240K, used 41033K [0x000000076d780000, 0x0000000772a00000, 0x00000007c0000000)
  eden space 64000K, 48% used [0x000000076d780000,0x000000076f5cbf68,0x0000000771600000)
  from space 10240K, 97% used [0x0000000771600000,0x0000000771fc6528,0x0000000772000000)
  to   space 10240K, 0% used [0x0000000772000000,0x0000000772000000,0x0000000772a00000)
 ParOldGen       total 169472K, used 16K [0x00000006c8600000, 0x00000006d2b80000, 0x000000076d780000)
  object space 169472K, 0% used [0x00000006c8600000,0x00000006c8604000,0x00000006d2b80000)
 Metaspace       used 20386K, capacity 21260K, committed 21296K, reserved 1067008K
  class space    used 2587K, capacity 2856K, committed 2864K, reserved 1048576K
Event: 0.995 GC heap after
Heap after GC invocations=2 (full 0):
 PSYoungGen      total 74240K, used 9544K [0x000000076d780000, 0x0000000776880000, 0x00000007c0000000)
  eden space 64000K, 0% used [0x000000076d780000,0x000000076d780000,0x0000000771600000)
  from space 10240K, 93% used [0x0000000772000000,0x0000000772952098,0x0000000772a00000)
  to   space 10240K, 0% used [0x0000000771600000,0x0000000771600000,0x0000000772000000)
 ParOldGen       total 169472K, used 24K [0x00000006c8600000, 0x00000006d2b80000, 0x000000076d780000)
  object space 169472K, 0% used [0x00000006c8600000,0x00000006c8606000,0x00000006d2b80000)
 Metaspace       used 20386K, capacity 21260K, committed 21296K, reserved 1067008K
  class space    used 2587K, capacity 2856K, committed 2864K, reserved 1048576K
}
Event: 0.995 GC heap before
{Heap before GC invocations=3 (full 1):
 PSYoungGen      total 74240K, used 9544K [0x000000076d780000, 0x0000000776880000, 0x00000007c0000000)
  eden space 64000K, 0% used [0x000000076d780000,0x000000076d780000,0x0000000771600000)
  from space 10240K, 93% used [0x0000000772000000,0x0000000772952098,0x0000000772a00000)
  to   space 10240K, 0% used [0x0000000771600000,0x0000000771600000,0x0000000772000000)
 ParOldGen       total 169472K, used 24K [0x00000006c8600000, 0x00000006d2b80000, 0x000000076d780000)
  object space 169472K, 0% used [0x00000006c8600000,0x00000006c8606000,0x00000006d2b80000)
 Metaspace       used 20386K, capacity 21260K, committed 21296K, reserved 1067008K
  class space    used 2587K, capacity 2856K, committed 2864K, reserved 1048576K
Event: 1.018 GC heap after
Heap after GC invocations=3 (full 1):
 PSYoungGen      total 74240K, used 0K [0x000000076d780000, 0x0000000776880000, 0x00000007c0000000)
  eden space 64000K, 0% used [0x000000076d780000,0x000000076d780000,0x0000000771600000)
  from space 10240K, 0% used [0x0000000772000000,0x0000000772000000,0x0000000772a00000)
  to   space 10240K, 0% used [0x0000000771600000,0x0000000771600000,0x0000000772000000)
 ParOldGen       total 106496K, used 9147K [0x00000006c8600000, 0x00000006cee00000, 0x000000076d780000)
  object space 106496K, 8% used [0x00000006c8600000,0x00000006c8eeec18,0x00000006cee00000)
 Metaspace       used 20384K, capacity 21258K, committed 21296K, reserved 1067008K
  class space    used 2586K, capacity 2855K, committed 2864K, reserved 1048576K
}
Event: 6.479 GC heap before
{Heap before GC invocations=4 (full 1):
 PSYoungGen      total 74240K, used 64000K [0x000000076d780000, 0x0000000776880000, 0x00000007c0000000)
  eden space 64000K, 100% used [0x000000076d780000,0x0000000771600000,0x0000000771600000)
  from space 10240K, 0% used [0x0000000772000000,0x0000000772000000,0x0000000772a00000)
  to   space 10240K, 0% used [0x0000000771600000,0x0000000771600000,0x0000000772000000)
 ParOldGen       total 106496K, used 9147K [0x00000006c8600000, 0x00000006cee00000, 0x000000076d780000)
  object space 106496K, 8% used [0x00000006c8600000,0x00000006c8eeec18,0x00000006cee00000)
 Metaspace       used 28727K, capacity 30998K, committed 31280K, reserved 1075200K
  class space    used 4334K, capacity 5341K, committed 5424K, reserved 1048576K
Event: 6.490 GC heap after
Heap after GC invocations=4 (full 1):
 PSYoungGen      total 74240K, used 4263K [0x000000076d780000, 0x0000000774300000, 0x00000007c0000000)
  eden space 64000K, 0% used [0x000000076d780000,0x000000076d780000,0x0000000771600000)
  from space 10240K, 41% used [0x0000000771600000,0x0000000771a29d40,0x0000000772000000)
  to   space 10240K, 0% used [0x0000000773900000,0x0000000773900000,0x0000000774300000)
 ParOldGen       total 106496K, used 9155K [0x00000006c8600000, 0x00000006cee00000, 0x000000076d780000)
  object space 106496K, 8% used [0x00000006c8600000,0x00000006c8ef0c18,0x00000006cee00000)
 Metaspace       used 28727K, capacity 30998K, committed 31280K, reserved 1075200K
  class space    used 4334K, capacity 5341K, committed 5424K, reserved 1048576K
}
Event: 11.459 GC heap before
{Heap before GC invocations=5 (full 1):
 PSYoungGen      total 74240K, used 48846K [0x000000076d780000, 0x0000000774300000, 0x00000007c0000000)
  eden space 64000K, 69% used [0x000000076d780000,0x0000000770309db8,0x0000000771600000)
  from space 10240K, 41% used [0x0000000771600000,0x0000000771a29d40,0x0000000772000000)
  to   space 10240K, 0% used [0x0000000773900000,0x0000000773900000,0x0000000774300000)
 ParOldGen       total 106496K, used 9155K [0x00000006c8600000, 0x00000006cee00000, 0x000000076d780000)
  object space 106496K, 8% used [0x00000006c8600000,0x00000006c8ef0c18,0x00000006cee00000)
 Metaspace       used 32000K, capacity 35249K, committed 35496K, reserved 1077248K
  class space    used 5551K, capacity 7344K, committed 7344K, reserved 1048576K
Event: 11.473 GC heap after
Heap after GC invocations=5 (full 1):
 PSYoungGen      total 93696K, used 3693K [0x000000076d780000, 0x0000000774000000, 0x00000007c0000000)
  eden space 86528K, 0% used [0x000000076d780000,0x000000076d780000,0x0000000772c00000)
  from space 7168K, 51% used [0x0000000773900000,0x0000000773c9b710,0x0000000774000000)
  to   space 10240K, 0% used [0x0000000772c00000,0x0000000772c00000,0x0000000773600000)
 ParOldGen       total 106496K, used 9163K [0x00000006c8600000, 0x00000006cee00000, 0x000000076d780000)
  object space 106496K, 8% used [0x00000006c8600000,0x00000006c8ef2c18,0x00000006cee00000)
 Metaspace       used 32000K, capacity 35249K, committed 35496K, reserved 1077248K
  class space    used 5551K, capacity 7344K, committed 7344K, reserved 1048576K
}
Event: 11.473 GC heap before
{Heap before GC invocations=6 (full 2):
 PSYoungGen      total 93696K, used 3693K [0x000000076d780000, 0x0000000774000000, 0x00000007c0000000)
  eden space 86528K, 0% used [0x000000076d780000,0x000000076d780000,0x0000000772c00000)
  from space 7168K, 51% used [0x0000000773900000,0x0000000773c9b710,0x0000000774000000)
  to   space 10240K, 0% used [0x0000000772c00000,0x0000000772c00000,0x0000000773600000)
 ParOldGen       total 106496K, used 9163K [0x00000006c8600000, 0x00000006cee00000, 0x000000076d780000)
  object space 106496K, 8% used [0x00000006c8600000,0x00000006c8ef2c18,0x00000006cee00000)
 Metaspace       used 32000K, capacity 35249K, committed 35496K, reserved 1077248K
  class space    used 5551K, capacity 7344K, committed 7344K, reserved 1048576K
Event: 11.519 GC heap after
Heap after GC invocations=6 (full 2):
 PSYoungGen      total 93696K, used 0K [0x000000076d780000, 0x0000000774000000, 0x00000007c0000000)
  eden space 86528K, 0% used [0x000000076d780000,0x000000076d780000,0x0000000772c00000)
  from space 7168K, 0% used [0x0000000773900000,0x0000000773900000,0x0000000774000000)
  to   space 10240K, 0% used [0x0000000772c00000,0x0000000772c00000,0x0000000773600000)
 ParOldGen       total 157184K, used 7868K [0x00000006c8600000, 0x00000006d1f80000, 0x000000076d780000)
  object space 157184K, 5% used [0x00000006c8600000,0x00000006c8daf1c8,0x00000006d1f80000)
 Metaspace       used 26402K, capacity 27899K, committed 35496K, reserved 1077248K
  class space    used 3324K, capacity 3679K, committed 7344K, reserved 1048576K
}

